<?xml version="1.0" encoding="utf-8"?><testsuites name="pytest tests"><testsuite name="pytest" errors="0" failures="0" skipped="0" tests="12" time="1.975" timestamp="2026-05-23T01:09:14.964343+00:00" hostname="agent-env-e51f7cde-9e86-4e4b-8d2e-100f622c42c8"><testcase classname="backend.tests.test_quotes_api.TestHealth" name="test_root" time="0.304" /><testcase classname="backend.tests.test_quotes_api.TestHealth" name="test_health" time="0.104" /><testcase classname="backend.tests.test_quotes_api.TestCreateQuote" name="test_create_valid[limousine_livery_fleet]" time="0.104" /><testcase classname="backend.tests.test_quotes_api.TestCreateQuote" name="test_create_valid[small_business_lines]" time="0.131" /><testcase classname="backend.tests.test_quotes_api.TestCreateQuote" name="test_create_valid[home_auto_bundle]" time="0.108" /><testcase classname="backend.tests.test_quotes_api.TestCreateQuote" name="test_invalid_risk_type" time="0.118" /><testcase classname="backend.tests.test_quotes_api.TestCreateQuote" name="test_invalid_email" time="0.115" /><testcase classname="backend.tests.test_quotes_api.TestCreateQuote" name="test_missing_required" time="0.097" /><testcase classname="backend.tests.test_quotes_api.TestCreateQuote" name="test_optional_dot_missing" time="0.101" /><testcase classname="backend.tests.test_quotes_api.TestListAndGet" name="test_list_quotes" time="0.206" /><testcase classname="backend.tests.test_quotes_api.TestListAndGet" name="test_get_by_id" time="0.190" /><testcase classname="backend.tests.test_quotes_api.TestListAndGet" name="test_get_invalid_id" time="0.153" /></testsuite></testsuites>