<?xml version="1.0" encoding="utf-8"?><testsuites name="pytest tests"><testsuite name="pytest" errors="0" failures="0" skipped="0" tests="25" time="12.315" timestamp="2026-05-24T01:41:10.869253+00:00" hostname="agent-env-82ce168c-9c5b-4968-8e72-a236ba18a5eb"><testcase classname="backend.tests.test_quotes_api.TestHealth" name="test_root" time="0.326" /><testcase classname="backend.tests.test_quotes_api.TestHealth" name="test_health" time="0.267" /><testcase classname="backend.tests.test_quotes_api.TestAuth" name="test_login_success" time="0.687" /><testcase classname="backend.tests.test_quotes_api.TestAuth" name="test_login_wrong_password" time="0.588" /><testcase classname="backend.tests.test_quotes_api.TestAuth" name="test_login_unknown_email" time="0.219" /><testcase classname="backend.tests.test_quotes_api.TestAuth" name="test_me_requires_auth" time="0.209" /><testcase classname="backend.tests.test_quotes_api.TestAuth" name="test_me_with_token" time="0.672" /><testcase classname="backend.tests.test_quotes_api.TestCreateQuote" name="test_create_valid[limousine_livery_fleet]" time="0.244" /><testcase classname="backend.tests.test_quotes_api.TestCreateQuote" name="test_create_valid[small_business_lines]" time="0.230" /><testcase classname="backend.tests.test_quotes_api.TestCreateQuote" name="test_create_valid[home_auto_bundle]" time="0.190" /><testcase classname="backend.tests.test_quotes_api.TestCreateQuote" name="test_invalid_risk_type" time="0.183" /><testcase classname="backend.tests.test_quotes_api.TestCreateQuote" name="test_invalid_email" time="0.182" /><testcase classname="backend.tests.test_quotes_api.TestCreateQuote" name="test_missing_required" time="0.173" /><testcase classname="backend.tests.test_quotes_api.TestCreateQuote" name="test_optional_dot_missing" time="0.174" /><testcase classname="backend.tests.test_quotes_api.TestHoneypot" name="test_honeypot_returns_201_but_not_persisted" time="0.864" /><testcase classname="backend.tests.test_quotes_api.TestRateLimit" name="test_21st_submission_returns_429" time="1.653" /><testcase classname="backend.tests.test_quotes_api.TestListAndGet" name="test_list_requires_auth" time="0.168" /><testcase classname="backend.tests.test_quotes_api.TestListAndGet" name="test_list_with_auth" time="0.693" /><testcase classname="backend.tests.test_quotes_api.TestListAndGet" name="test_get_by_id" time="0.714" /><testcase classname="backend.tests.test_quotes_api.TestListAndGet" name="test_get_invalid_id_requires_auth_first" time="0.165" /><testcase classname="backend.tests.test_quotes_api.TestListAndGet" name="test_get_invalid_id_with_auth" time="0.683" /><testcase classname="backend.tests.test_quotes_api.TestShareLink" name="test_share_link_requires_auth" time="0.202" /><testcase classname="backend.tests.test_quotes_api.TestShareLink" name="test_share_link_flow" time="0.863" /><testcase classname="backend.tests.test_quotes_api.TestShareLink" name="test_share_link_invalid_token" time="0.188" /><testcase classname="backend.tests.test_quotes_api.TestShareLink" name="test_share_link_nonexistent_quote" time="0.574" /></testsuite></testsuites>